#-----------------------------------------------------------
# xsim v2017.4 (64-bit)
# SW Build 2086221 on Fri Dec 15 20:55:39 MST 2017
# IP Build 2085800 on Fri Dec 15 22:25:07 MST 2017
# Start of session at: Mon Apr 14 23:29:31 2025
# Process ID: 7264
# Current directory: C:/Users/alper/OneDrive/Masaüstü/ExampleSubmission_v2/Simulation_Files
# Command line: xsim.exe -mode tcl -source {xsim.dir/addregfilesim/xsim_script.tcl}
# Log file: C:/Users/alper/OneDrive/Masaüstü/ExampleSubmission_v2/Simulation_Files/xsim.log
# Journal file: C:/Users/alper/OneDrive/Masaüstü/ExampleSubmission_v2/Simulation_Files\xsim.jou
#-----------------------------------------------------------
source xsim.dir/addregfilesim/xsim_script.tcl
# xsim {addregfilesim} -autoloadwcfg -runall
Vivado Simulator 2017.4
Time resolution is 1 ps
run -all
------------------------------------
AddressRegisterFile Simulation Started
[PASS] Test No: 1, Component: OutC, Actual Value: 0x00001234, Expected Value: 0x00001234
[PASS] Test No: 1, Component: OutD, Actual Value: 0x00005678, Expected Value: 0x00005678
[FAIL] Test No: 2, Component: OutC, Actual Value: 0x00003548, Expected Value: 0x00001234
[FAIL] Test No: 2, Component: OutD, Actual Value: 0x00001234, Expected Value: 0x00003548
AddressRegisterFile Simulation Finished
2 Test Failed
2 Test Passed
------------------------------------
exit
INFO: [Common 17-206] Exiting xsim at Mon Apr 14 23:29:33 2025...
