#-----------------------------------------------------------
# xsim v2017.4 (64-bit)
# SW Build 2086221 on Fri Dec 15 20:55:39 MST 2017
# IP Build 2085800 on Fri Dec 15 22:25:07 MST 2017
# Start of session at: Sat May 17 19:58:26 2025
# Process ID: 3784
# Current directory: C:/Users/alper/OneDrive/Masaüstü/ExampleSubmission_v2/Simulation_Files
# Command line: xsim.exe -mode tcl -source {xsim.dir/cpusyssim/xsim_script.tcl}
# Log file: C:/Users/alper/OneDrive/Masaüstü/ExampleSubmission_v2/Simulation_Files/xsim.log
# Journal file: C:/Users/alper/OneDrive/Masaüstü/ExampleSubmission_v2/Simulation_Files\xsim.jou
#-----------------------------------------------------------
source xsim.dir/cpusyssim/xsim_script.tcl
# xsim {cpusyssim} -autoloadwcfg -runall
Vivado Simulator 2017.4
Time resolution is 1 ps
run -all
------------------------------------
CPUSystem Simulation Started
INFO: [Common 17-41] Interrupt caught. Command should exit soon.
run: Time (s): cpu = 00:00:00 ; elapsed = 00:00:45 . Memory (MB): peak = 223.406 ; gain = 0.000
INFO: [Common 17-344] 'run' was cancelled
exit
INFO: [Common 17-206] Exiting xsim at Sat May 17 19:59:14 2025...
